<?xml version="1.0" encoding="UTF-8"?>
<!-- Generated by org.testng.reporters.JUnitReportReporter -->
<testsuite hostname="LT-MBP-079.local" failures="0" tests="1" name="tunnelLambda" time="8.142" errors="0" timestamp="2024-08-30T19:01:41 IST" skipped="0">
  <testcase classname="tunnelLambda" name="testTunnel" time="8.142"/>
  <system-out/>
</testsuite> <!-- tunnelLambda -->
