<?xml version="1.0" encoding="UTF-8"?>
<!-- Generated by org.testng.reporters.JUnitReportReporter -->
<testsuite hostname="LT-MBP-079.local" failures="0" tests="1" name="rightClick_local" time="20.799" errors="0" timestamp="2024-01-24T02:16:18 IST" skipped="0">
  <testcase classname="rightClick_local" name="setup" time="20.799"/>
  <system-out/>
</testsuite> <!-- rightClick_local -->
