<?xml version="1.0" encoding="UTF-8"?>
<!-- Generated by org.testng.reporters.JUnitReportReporter -->
<testsuite hostname="LT-MBP-079.local" failures="0" tests="1" name="sunWingLocator" time="57.007" errors="0" timestamp="2024-09-03T14:03:09 IST" skipped="0">
  <testcase classname="sunWingLocator" name="setup" time="57.007"/>
  <system-out/>
</testsuite> <!-- sunWingLocator -->
