<?xml version="1.0" encoding="UTF-8"?>
<!-- Generated by org.testng.reporters.JUnitReportReporter -->
<testsuite hostname="LT-MBP-079.local" failures="0" tests="1" name="varunCustomerZoho" time="55.073" errors="0" timestamp="2024-08-24T01:01:18 IST" skipped="0">
  <testcase classname="varunCustomerZoho" name="basicTest" time="55.073"/>
  <system-out/>
</testsuite> <!-- varunCustomerZoho -->
