<?xml version="1.0" encoding="UTF-8"?>
<!-- Generated by org.testng.reporters.JUnitReportReporter -->
<testsuite hostname="LT-MBP-079.local" failures="0" tests="1" name="PullFileSelenium" time="5.603" errors="0" timestamp="2024-07-25T00:06:18 IST" skipped="0">
  <testcase classname="PullFileSelenium" name="fileDownload" time="5.603"/>
  <system-out/>
</testsuite> <!-- PullFileSelenium -->
