<?xml version="1.0" encoding="UTF-8"?>
<!-- Generated by org.testng.reporters.JUnitReportReporter -->
<testsuite hostname="LT-MBP-079.local" failures="0" tests="1" name="LambdaTestSelenium" time="2.055" errors="0" timestamp="2024-04-19T20:31:17 IST" skipped="0">
  <testcase classname="LambdaTestSelenium" name="testSimple" time="2.055"/>
  <system-out/>
</testsuite> <!-- LambdaTestSelenium -->
