<?xml version="1.0" encoding="UTF-8"?>
<!-- Generated by org.testng.reporters.JUnitReportReporter -->
<testsuite hostname="LT-MBP-079.bbrouter" failures="0" tests="1" name="rightClick" time="13.451" errors="0" timestamp="2023-11-01T04:59:02 IST" skipped="0">
  <testcase classname="rightClick" name="basicTest" time="13.451"/>
  <system-out/>
</testsuite> <!-- rightClick -->
