<?xml version="1.0" encoding="UTF-8"?>
<!-- Generated by org.testng.reporters.JUnitReportReporter -->
<testsuite hostname="LT-MBP-079.local" failures="0" tests="1" name="AutoHeal" time="28.068" errors="0" timestamp="2024-10-09T23:00:42 IST" skipped="0">
  <testcase classname="AutoHeal" name="basicTest" time="28.068"/>
  <system-out/>
</testsuite> <!-- AutoHeal -->
