<?xml version="1.0" encoding="UTF-8"?>
<!-- Generated by org.testng.reporters.JUnitReportReporter -->
<testsuite hostname="LT-MBP-079.bbrouter" failures="0" tests="1" name="tunnelLambdaTest" time="1.651" errors="0" timestamp="2024-03-01T13:23:41 IST" skipped="0">
  <testcase classname="tunnelLambdaTest" name="testSimple" time="1.651"/>
  <system-out/>
</testsuite> <!-- tunnelLambdaTest -->
